<?xml version="1.0" encoding="UTF-8"?>
<coverage generated="1637976649031" clover="3.2.0">
  <project timestamp="1637976649031" name="All files">
    <metrics statements="147" coveredstatements="122" conditionals="132" coveredconditionals="120" methods="21" coveredmethods="13" elements="300" coveredelements="255" complexity="0" loc="147" ncloc="147" packages="6" files="16" classes="16"/>
    <package name="__tests__.pages">
      <metrics statements="5" coveredstatements="0" conditionals="0" coveredconditionals="0" methods="2" coveredmethods="0"/>
      <file name="home.test.example.js" path="/home/runner/work/eligibility-estimator-client/eligibility-estimator-client/__tests__/pages/home.test.example.js">
        <metrics statements="5" coveredstatements="0" conditionals="0" coveredconditionals="0" methods="2" coveredmethods="0"/>
        <line num="8" count="0" type="stmt"/>
        <line num="9" count="0" type="stmt"/>
        <line num="10" count="0" type="stmt"/>
        <line num="11" count="0" type="stmt"/>
        <line num="12" count="0" type="stmt"/>
      </file>
    </package>
    <package name="__tests__.pages.api">
      <metrics statements="5" coveredstatements="5" conditionals="0" coveredconditionals="0" methods="3" coveredmethods="3"/>
      <file name="factory.ts" path="/home/runner/work/eligibility-estimator-client/eligibility-estimator-client/__tests__/pages/api/factory.ts">
        <metrics statements="5" coveredstatements="5" conditionals="0" coveredconditionals="0" methods="3" coveredmethods="3"/>
        <line num="17" count="73" type="stmt"/>
        <line num="18" count="73" type="stmt"/>
        <line num="19" count="73" type="stmt"/>
        <line num="25" count="70" type="stmt"/>
        <line num="31" count="3" type="stmt"/>
      </file>
    </package>
    <package name="components.Alert">
      <metrics statements="2" coveredstatements="0" conditionals="2" coveredconditionals="0" methods="1" coveredmethods="0"/>
      <file name="index.jsx" path="/home/runner/work/eligibility-estimator-client/eligibility-estimator-client/components/Alert/index.jsx">
        <metrics statements="2" coveredstatements="0" conditionals="2" coveredconditionals="0" methods="1" coveredmethods="0"/>
        <line num="3" count="0" type="stmt"/>
        <line num="4" count="0" type="stmt"/>
      </file>
    </package>
    <package name="pages">
      <metrics statements="5" coveredstatements="0" conditionals="0" coveredconditionals="0" methods="3" coveredmethods="0"/>
      <file name="_app.tsx" path="/home/runner/work/eligibility-estimator-client/eligibility-estimator-client/pages/_app.tsx">
        <metrics statements="1" coveredstatements="0" conditionals="0" coveredconditionals="0" methods="1" coveredmethods="0"/>
        <line num="5" count="0" type="stmt"/>
      </file>
      <file name="index.tsx" path="/home/runner/work/eligibility-estimator-client/eligibility-estimator-client/pages/index.tsx">
        <metrics statements="2" coveredstatements="0" conditionals="0" coveredconditionals="0" methods="1" coveredmethods="0"/>
        <line num="6" count="0" type="stmt"/>
        <line num="7" count="0" type="stmt"/>
      </file>
      <file name="interact.tsx" path="/home/runner/work/eligibility-estimator-client/eligibility-estimator-client/pages/interact.tsx">
        <metrics statements="2" coveredstatements="0" conditionals="0" coveredconditionals="0" methods="1" coveredmethods="0"/>
        <line num="4" count="0" type="stmt"/>
        <line num="5" count="0" type="stmt"/>
      </file>
    </package>
    <package name="pages.api">
      <metrics statements="24" coveredstatements="20" conditionals="12" coveredconditionals="11" methods="3" coveredmethods="1"/>
      <file name="calculateEligibility.ts" path="/home/runner/work/eligibility-estimator-client/eligibility-estimator-client/pages/api/calculateEligibility.ts">
        <metrics statements="20" coveredstatements="20" conditionals="12" coveredconditionals="11" methods="1" coveredmethods="1"/>
        <line num="17" count="73" type="stmt"/>
        <line num="18" count="73" type="stmt"/>
        <line num="21" count="73" type="stmt"/>
        <line num="24" count="73" type="cond" truecount="2" falsecount="0"/>
        <line num="25" count="2" type="stmt"/>
        <line num="27" count="71" type="stmt"/>
        <line num="30" count="71" type="stmt"/>
        <line num="31" count="71" type="stmt"/>
        <line num="33" count="71" type="stmt"/>
        <line num="34" count="70" type="stmt"/>
        <line num="36" count="70" type="stmt"/>
        <line num="37" count="70" type="stmt"/>
        <line num="39" count="70" type="stmt"/>
        <line num="40" count="70" type="stmt"/>
        <line num="42" count="70" type="stmt"/>
        <line num="51" count="70" type="stmt"/>
        <line num="54" count="70" type="stmt"/>
        <line num="62" count="3" type="stmt"/>
        <line num="66" count="3" type="stmt"/>
        <line num="67" count="3" type="stmt"/>
      </file>
      <file name="hello.ts" path="/home/runner/work/eligibility-estimator-client/eligibility-estimator-client/pages/api/hello.ts">
        <metrics statements="1" coveredstatements="0" conditionals="0" coveredconditionals="0" methods="1" coveredmethods="0"/>
        <line num="12" count="0" type="stmt"/>
      </file>
      <file name="metrics.ts" path="/home/runner/work/eligibility-estimator-client/eligibility-estimator-client/pages/api/metrics.ts">
        <metrics statements="3" coveredstatements="0" conditionals="0" coveredconditionals="0" methods="1" coveredmethods="0"/>
        <line num="4" count="0" type="stmt"/>
        <line num="10" count="0" type="stmt"/>
        <line num="11" count="0" type="stmt"/>
      </file>
    </package>
    <package name="utils.api">
      <metrics statements="106" coveredstatements="97" conditionals="118" coveredconditionals="109" methods="9" coveredmethods="9"/>
      <file name="checkAfs.ts" path="/home/runner/work/eligibility-estimator-client/eligibility-estimator-client/utils/api/checkAfs.ts">
        <metrics statements="22" coveredstatements="19" conditionals="32" coveredconditionals="29" methods="1" coveredmethods="1"/>
        <line num="15" count="70" type="stmt"/>
        <line num="17" count="70" type="cond" truecount="2" falsecount="0"/>
        <line num="20" count="55" type="cond" truecount="2" falsecount="0"/>
        <line num="30" count="55" type="cond" truecount="2" falsecount="0"/>
        <line num="32" count="55" type="cond" truecount="2" falsecount="0"/>
        <line num="37" count="55" type="cond" truecount="4" falsecount="0"/>
        <line num="38" count="32" type="stmt"/>
        <line num="44" count="23" type="cond" truecount="2" falsecount="0"/>
        <line num="48" count="10" type="stmt"/>
        <line num="54" count="13" type="cond" truecount="2" falsecount="0"/>
        <line num="55" count="4" type="stmt"/>
        <line num="61" count="9" type="cond" truecount="2" falsecount="0"/>
        <line num="65" count="5" type="stmt"/>
        <line num="70" count="4" type="cond" truecount="2" falsecount="0"/>
        <line num="74" count="1" type="stmt"/>
        <line num="80" count="3" type="cond" truecount="2" falsecount="0"/>
        <line num="81" count="2" type="stmt"/>
        <line num="86" count="1" type="cond" truecount="1" falsecount="1"/>
        <line num="87" count="1" type="stmt"/>
        <line num="93" count="0" type="cond" truecount="0" falsecount="2"/>
        <line num="94" count="0" type="stmt"/>
        <line num="102" count="0" type="stmt"/>
      </file>
      <file name="checkAllowance.ts" path="/home/runner/work/eligibility-estimator-client/eligibility-estimator-client/utils/api/checkAllowance.ts">
        <metrics statements="25" coveredstatements="22" conditionals="34" coveredconditionals="31" methods="1" coveredmethods="1"/>
        <line num="17" count="70" type="stmt"/>
        <line num="19" count="70" type="cond" truecount="2" falsecount="0"/>
        <line num="22" count="52" type="cond" truecount="2" falsecount="0"/>
        <line num="31" count="52" type="cond" truecount="2" falsecount="0"/>
        <line num="35" count="52" type="cond" truecount="2" falsecount="0"/>
        <line num="37" count="52" type="cond" truecount="2" falsecount="0"/>
        <line num="42" count="52" type="cond" truecount="4" falsecount="0"/>
        <line num="43" count="31" type="stmt"/>
        <line num="48" count="21" type="cond" truecount="2" falsecount="0"/>
        <line num="49" count="2" type="stmt"/>
        <line num="54" count="19" type="cond" truecount="2" falsecount="0"/>
        <line num="55" count="10" type="stmt"/>
        <line num="60" count="9" type="cond" truecount="2" falsecount="0"/>
        <line num="61" count="2" type="stmt"/>
        <line num="67" count="7" type="cond" truecount="2" falsecount="0"/>
        <line num="71" count="3" type="stmt"/>
        <line num="77" count="4" type="cond" truecount="2" falsecount="0"/>
        <line num="81" count="1" type="stmt"/>
        <line num="87" count="3" type="cond" truecount="2" falsecount="0"/>
        <line num="88" count="2" type="stmt"/>
        <line num="93" count="1" type="cond" truecount="1" falsecount="1"/>
        <line num="94" count="1" type="stmt"/>
        <line num="100" count="0" type="cond" truecount="0" falsecount="2"/>
        <line num="101" count="0" type="stmt"/>
        <line num="109" count="0" type="stmt"/>
      </file>
      <file name="checkGis.ts" path="/home/runner/work/eligibility-estimator-client/eligibility-estimator-client/utils/api/checkGis.ts">
        <metrics statements="19" coveredstatements="19" conditionals="16" coveredconditionals="16" methods="1" coveredmethods="1"/>
        <line num="16" count="71" type="stmt"/>
        <line num="19" count="71" type="stmt"/>
        <line num="21" count="70" type="cond" truecount="2" falsecount="0"/>
        <line num="25" count="54" type="cond" truecount="2" falsecount="0"/>
        <line num="29" count="54" type="cond" truecount="2" falsecount="0"/>
        <line num="30" count="23" type="stmt"/>
        <line num="35" count="31" type="cond" truecount="2" falsecount="0"/>
        <line num="36" count="14" type="stmt"/>
        <line num="44" count="17" type="stmt"/>
        <line num="45" count="17" type="cond" truecount="2" falsecount="0"/>
        <line num="46" count="8" type="cond" truecount="2" falsecount="0"/>
        <line num="47" count="6" type="stmt"/>
        <line num="49" count="2" type="stmt"/>
        <line num="52" count="9" type="stmt"/>
        <line num="56" count="17" type="cond" truecount="2" falsecount="0"/>
        <line num="57" count="13" type="cond" truecount="2" falsecount="0"/>
        <line num="58" count="9" type="stmt"/>
        <line num="64" count="4" type="stmt"/>
        <line num="71" count="4" type="stmt"/>
      </file>
      <file name="checkOas.ts" path="/home/runner/work/eligibility-estimator-client/eligibility-estimator-client/utils/api/checkOas.ts">
        <metrics statements="20" coveredstatements="17" conditionals="26" coveredconditionals="23" methods="1" coveredmethods="1"/>
        <line num="14" count="71" type="stmt"/>
        <line num="16" count="71" type="cond" truecount="2" falsecount="0"/>
        <line num="19" count="46" type="cond" truecount="2" falsecount="0"/>
        <line num="28" count="46" type="cond" truecount="2" falsecount="0"/>
        <line num="29" count="46" type="cond" truecount="2" falsecount="0"/>
        <line num="34" count="46" type="cond" truecount="2" falsecount="0"/>
        <line num="35" count="1" type="stmt"/>
        <line num="40" count="45" type="cond" truecount="2" falsecount="0"/>
        <line num="44" count="25" type="cond" truecount="2" falsecount="0"/>
        <line num="45" count="16" type="stmt"/>
        <line num="51" count="9" type="stmt"/>
        <line num="57" count="20" type="cond" truecount="2" falsecount="0"/>
        <line num="61" count="7" type="stmt"/>
        <line num="67" count="13" type="cond" truecount="2" falsecount="0"/>
        <line num="68" count="10" type="stmt"/>
        <line num="73" count="3" type="cond" truecount="1" falsecount="1"/>
        <line num="74" count="3" type="stmt"/>
        <line num="80" count="0" type="cond" truecount="0" falsecount="2"/>
        <line num="81" count="0" type="stmt"/>
        <line num="89" count="0" type="stmt"/>
      </file>
      <file name="socialAgreement.ts" path="/home/runner/work/eligibility-estimator-client/eligibility-estimator-client/utils/api/socialAgreement.ts">
        <metrics statements="3" coveredstatements="3" conditionals="2" coveredconditionals="2" methods="1" coveredmethods="1"/>
        <line num="2" count="136" type="cond" truecount="2" falsecount="0"/>
        <line num="3" count="48" type="stmt"/>
        <line num="6" count="1" type="stmt"/>
      </file>
      <file name="types.ts" path="/home/runner/work/eligibility-estimator-client/eligibility-estimator-client/utils/api/types.ts">
        <metrics statements="6" coveredstatements="6" conditionals="0" coveredconditionals="0" methods="1" coveredmethods="1"/>
        <line num="44" count="1" type="stmt"/>
        <line num="51" count="241" type="stmt"/>
        <line num="57" count="1" type="stmt"/>
        <line num="84" count="1" type="stmt"/>
        <line num="110" count="1" type="stmt"/>
        <line num="154" count="1" type="stmt"/>
      </file>
      <file name="validator.ts" path="/home/runner/work/eligibility-estimator-client/eligibility-estimator-client/utils/api/validator.ts">
        <metrics statements="11" coveredstatements="11" conditionals="8" coveredconditionals="8" methods="3" coveredmethods="3"/>
        <line num="9" count="1" type="stmt"/>
        <line num="15" count="282" type="stmt"/>
        <line num="18" count="282" type="cond" truecount="2" falsecount="0"/>
        <line num="20" count="75" type="stmt"/>
        <line num="23" count="105" type="stmt"/>
        <line num="24" count="75" type="stmt"/>
        <line num="25" count="75" type="cond" truecount="4" falsecount="0"/>
        <line num="28" count="103" type="stmt"/>
        <line num="29" count="74" type="stmt"/>
        <line num="32" count="74" type="stmt"/>
        <line num="46" count="207" type="stmt"/>
      </file>
    </package>
  </project>
</coverage>
