{"/home/runner/work/eligibility-estimator-client/eligibility-estimator-client/__tests__/pages/home.test.example.js": {"path":"/home/runner/work/eligibility-estimator-client/eligibility-estimator-client/__tests__/pages/home.test.example.js","statementMap":{"0":{"start":{"line":8,"column":0},"end":{"line":14,"column":2}},"1":{"start":{"line":9,"column":2},"end":{"line":13,"column":4}},"2":{"start":{"line":10,"column":4},"end":{"line":10,"column":21}},"3":{"start":{"line":11,"column":17},"end":{"line":11,"column":41}},"4":{"start":{"line":12,"column":4},"end":{"line":12,"column":36}}},"fnMap":{"0":{"name":"(anonymous_0)","decl":{"start":{"line":8,"column":23},"end":{"line":8,"column":24}},"loc":{"start":{"line":8,"column":29},"end":{"line":14,"column":1}},"line":8},"1":{"name":"(anonymous_1)","decl":{"start":{"line":9,"column":22},"end":{"line":9,"column":23}},"loc":{"start":{"line":9,"column":28},"end":{"line":13,"column":3}},"line":9}},"branchMap":{},"s":{"0":0,"1":0,"2":0,"3":0,"4":0},"f":{"0":0,"1":0},"b":{}}
,"/home/runner/work/eligibility-estimator-client/eligibility-estimator-client/__tests__/pages/api/factory.ts": {"path":"/home/runner/work/eligibility-estimator-client/eligibility-estimator-client/__tests__/pages/api/factory.ts","statementMap":{"0":{"start":{"line":17,"column":23},"end":{"line":17,"column":68}},"1":{"start":{"line":18,"column":2},"end":{"line":18,"column":19}},"2":{"start":{"line":19,"column":2},"end":{"line":19,"column":61}},"3":{"start":{"line":25,"column":2},"end":{"line":25,"column":55}},"4":{"start":{"line":31,"column":2},"end":{"line":31,"column":53}}},"fnMap":{"0":{"name":"mockGetRequestGeneric","decl":{"start":{"line":14,"column":15},"end":{"line":14,"column":36}},"loc":{"start":{"line":16,"column":34},"end":{"line":20,"column":1}},"line":16},"1":{"name":"mockGetRequest","decl":{"start":{"line":22,"column":22},"end":{"line":22,"column":36}},"loc":{"start":{"line":24,"column":48},"end":{"line":26,"column":1}},"line":24},"2":{"name":"mockGetRequestError","decl":{"start":{"line":28,"column":22},"end":{"line":28,"column":41}},"loc":{"start":{"line":30,"column":46},"end":{"line":32,"column":1}},"line":30}},"branchMap":{},"s":{"0":73,"1":73,"2":73,"3":70,"4":3},"f":{"0":73,"1":70,"2":3},"b":{},"_coverageSchema":"1a1c01bbd47fc00a2c39e90264f33305004495a9","hash":"3a06c290da6ea1cbcd38b6011d093e6a2998eb5f"}
,"/home/runner/work/eligibility-estimator-client/eligibility-estimator-client/components/Alert/index.jsx": {"path":"/home/runner/work/eligibility-estimator-client/eligibility-estimator-client/components/Alert/index.jsx","statementMap":{"0":{"start":{"line":3,"column":21},"end":{"line":10,"column":1}},"1":{"start":{"line":4,"column":2},"end":{"line":9,"column":3}}},"fnMap":{"0":{"name":"(anonymous_0)","decl":{"start":{"line":3,"column":21},"end":{"line":3,"column":22}},"loc":{"start":{"line":3,"column":51},"end":{"line":10,"column":1}},"line":3}},"branchMap":{"0":{"loc":{"start":{"line":6,"column":7},"end":{"line":6,"column":32}},"type":"binary-expr","locations":[{"start":{"line":6,"column":7},"end":{"line":6,"column":12}},{"start":{"line":6,"column":16},"end":{"line":6,"column":32}}],"line":6}},"s":{"0":0,"1":0},"f":{"0":0},"b":{"0":[0,0]}}
,"/home/runner/work/eligibility-estimator-client/eligibility-estimator-client/pages/_app.tsx": {"path":"/home/runner/work/eligibility-estimator-client/eligibility-estimator-client/pages/_app.tsx","statementMap":{"0":{"start":{"line":5,"column":2},"end":{"line":5,"column":37}}},"fnMap":{"0":{"name":"MyApp","decl":{"start":{"line":4,"column":9},"end":{"line":4,"column":14}},"loc":{"start":{"line":4,"column":51},"end":{"line":6,"column":1}},"line":4}},"branchMap":{},"s":{"0":0},"f":{"0":0},"b":{}}
,"/home/runner/work/eligibility-estimator-client/eligibility-estimator-client/pages/index.tsx": {"path":"/home/runner/work/eligibility-estimator-client/eligibility-estimator-client/pages/index.tsx","statementMap":{"0":{"start":{"line":6,"column":23},"end":{"line":142,"column":1}},"1":{"start":{"line":7,"column":2},"end":{"line":141,"column":3}}},"fnMap":{"0":{"name":"(anonymous_0)","decl":{"start":{"line":6,"column":23},"end":{"line":6,"column":24}},"loc":{"start":{"line":6,"column":29},"end":{"line":142,"column":1}},"line":6}},"branchMap":{},"s":{"0":0,"1":0},"f":{"0":0},"b":{}}
,"/home/runner/work/eligibility-estimator-client/eligibility-estimator-client/pages/interact.tsx": {"path":"/home/runner/work/eligibility-estimator-client/eligibility-estimator-client/pages/interact.tsx","statementMap":{"0":{"start":{"line":4,"column":12},"end":{"line":12,"column":1}},"1":{"start":{"line":5,"column":2},"end":{"line":11,"column":4}}},"fnMap":{"0":{"name":"(anonymous_0)","decl":{"start":{"line":4,"column":12},"end":{"line":4,"column":13}},"loc":{"start":{"line":5,"column":2},"end":{"line":11,"column":4}},"line":5}},"branchMap":{},"s":{"0":0,"1":0},"f":{"0":0},"b":{}}
,"/home/runner/work/eligibility-estimator-client/eligibility-estimator-client/pages/api/calculateEligibility.ts": {"path":"/home/runner/work/eligibility-estimator-client/eligibility-estimator-client/pages/api/calculateEligibility.ts","statementMap":{"0":{"start":{"line":17,"column":2},"end":{"line":68,"column":3}},"1":{"start":{"line":18,"column":4},"end":{"line":18,"column":50}},"2":{"start":{"line":21,"column":27},"end":{"line":23,"column":6}},"3":{"start":{"line":24,"column":4},"end":{"line":26,"column":5}},"4":{"start":{"line":25,"column":6},"end":{"line":25,"column":17}},"5":{"start":{"line":27,"column":4},"end":{"line":27,"column":37}},"6":{"start":{"line":30,"column":22},"end":{"line":30,"column":37}},"7":{"start":{"line":31,"column":4},"end":{"line":31,"column":42}},"8":{"start":{"line":33,"column":22},"end":{"line":33,"column":48}},"9":{"start":{"line":34,"column":4},"end":{"line":34,"column":42}},"10":{"start":{"line":36,"column":28},"end":{"line":36,"column":49}},"11":{"start":{"line":37,"column":4},"end":{"line":37,"column":54}},"12":{"start":{"line":39,"column":22},"end":{"line":39,"column":37}},"13":{"start":{"line":40,"column":4},"end":{"line":40,"column":61}},"14":{"start":{"line":42,"column":37},"end":{"line":50,"column":5}},"15":{"start":{"line":51,"column":4},"end":{"line":51,"column":49}},"16":{"start":{"line":54,"column":4},"end":{"line":60,"column":6}},"17":{"start":{"line":62,"column":4},"end":{"line":65,"column":6}},"18":{"start":{"line":66,"column":4},"end":{"line":66,"column":22}},"19":{"start":{"line":67,"column":4},"end":{"line":67,"column":10}}},"fnMap":{"0":{"name":"handler","decl":{"start":{"line":13,"column":24},"end":{"line":13,"column":31}},"loc":{"start":{"line":16,"column":2},"end":{"line":69,"column":1}},"line":16}},"branchMap":{"0":{"loc":{"start":{"line":24,"column":4},"end":{"line":26,"column":5}},"type":"if","locations":[{"start":{"line":24,"column":4},"end":{"line":26,"column":5}},{"start":{},"end":{}}],"line":24},"1":{"loc":{"start":{"line":45,"column":12},"end":{"line":45,"column":66}},"type":"cond-expr","locations":[{"start":{"line":45,"column":38},"end":{"line":45,"column":61}},{"start":{"line":45,"column":64},"end":{"line":45,"column":66}}],"line":45},"2":{"loc":{"start":{"line":46,"column":12},"end":{"line":46,"column":66}},"type":"cond-expr","locations":[{"start":{"line":46,"column":38},"end":{"line":46,"column":61}},{"start":{"line":46,"column":64},"end":{"line":46,"column":66}}],"line":46},"3":{"loc":{"start":{"line":47,"column":12},"end":{"line":47,"column":78}},"type":"cond-expr","locations":[{"start":{"line":47,"column":44},"end":{"line":47,"column":73}},{"start":{"line":47,"column":76},"end":{"line":47,"column":78}}],"line":47},"4":{"loc":{"start":{"line":48,"column":12},"end":{"line":48,"column":66}},"type":"cond-expr","locations":[{"start":{"line":48,"column":38},"end":{"line":48,"column":61}},{"start":{"line":48,"column":64},"end":{"line":48,"column":66}}],"line":48},"5":{"loc":{"start":{"line":64,"column":14},"end":{"line":64,"column":44}},"type":"binary-expr","locations":[{"start":{"line":64,"column":14},"end":{"line":64,"column":27}},{"start":{"line":64,"column":31},"end":{"line":64,"column":44}}],"line":64}},"s":{"0":73,"1":73,"2":73,"3":73,"4":2,"5":71,"6":71,"7":71,"8":71,"9":70,"10":70,"11":70,"12":70,"13":70,"14":70,"15":70,"16":70,"17":3,"18":3,"19":3},"f":{"0":73},"b":{"0":[2,71],"1":[24,46],"2":[16,54],"3":[18,52],"4":[15,55],"5":[3,0]},"_coverageSchema":"1a1c01bbd47fc00a2c39e90264f33305004495a9","hash":"498ffe7334bf7745dddfe4f7d04cb1c903d36cd6"}
,"/home/runner/work/eligibility-estimator-client/eligibility-estimator-client/pages/api/hello.ts": {"path":"/home/runner/work/eligibility-estimator-client/eligibility-estimator-client/pages/api/hello.ts","statementMap":{"0":{"start":{"line":12,"column":2},"end":{"line":12,"column":46}}},"fnMap":{"0":{"name":"handler","decl":{"start":{"line":8,"column":24},"end":{"line":8,"column":31}},"loc":{"start":{"line":11,"column":2},"end":{"line":13,"column":1}},"line":11}},"branchMap":{},"s":{"0":0},"f":{"0":0},"b":{}}
,"/home/runner/work/eligibility-estimator-client/eligibility-estimator-client/pages/api/metrics.ts": {"path":"/home/runner/work/eligibility-estimator-client/eligibility-estimator-client/pages/api/metrics.ts","statementMap":{"0":{"start":{"line":4,"column":0},"end":{"line":4,"column":53}},"1":{"start":{"line":10,"column":2},"end":{"line":10,"column":53}},"2":{"start":{"line":11,"column":2},"end":{"line":11,"column":30}}},"fnMap":{"0":{"name":"handler","decl":{"start":{"line":6,"column":24},"end":{"line":6,"column":31}},"loc":{"start":{"line":9,"column":2},"end":{"line":12,"column":1}},"line":9}},"branchMap":{},"s":{"0":0,"1":0,"2":0},"f":{"0":0},"b":{}}
,"/home/runner/work/eligibility-estimator-client/eligibility-estimator-client/utils/api/checkAfs.ts": {"path":"/home/runner/work/eligibility-estimator-client/eligibility-estimator-client/utils/api/checkAfs.ts","statementMap":{"0":{"start":{"line":15,"column":28},"end":{"line":15,"column":72}},"1":{"start":{"line":17,"column":2},"end":{"line":17,"column":27}},"2":{"start":{"line":17,"column":14},"end":{"line":17,"column":27}},"3":{"start":{"line":20,"column":26},"end":{"line":27,"column":15}},"4":{"start":{"line":30,"column":32},"end":{"line":30,"column":74}},"5":{"start":{"line":32,"column":33},"end":{"line":34,"column":15}},"6":{"start":{"line":37,"column":2},"end":{"line":100,"column":3}},"7":{"start":{"line":38,"column":4},"end":{"line":43,"column":5}},"8":{"start":{"line":44,"column":9},"end":{"line":100,"column":3}},"9":{"start":{"line":48,"column":4},"end":{"line":53,"column":5}},"10":{"start":{"line":54,"column":9},"end":{"line":100,"column":3}},"11":{"start":{"line":55,"column":4},"end":{"line":60,"column":5}},"12":{"start":{"line":61,"column":9},"end":{"line":100,"column":3}},"13":{"start":{"line":65,"column":4},"end":{"line":69,"column":5}},"14":{"start":{"line":70,"column":9},"end":{"line":100,"column":3}},"15":{"start":{"line":74,"column":4},"end":{"line":79,"column":5}},"16":{"start":{"line":80,"column":9},"end":{"line":100,"column":3}},"17":{"start":{"line":81,"column":4},"end":{"line":85,"column":5}},"18":{"start":{"line":86,"column":9},"end":{"line":100,"column":3}},"19":{"start":{"line":87,"column":4},"end":{"line":92,"column":5}},"20":{"start":{"line":93,"column":9},"end":{"line":100,"column":3}},"21":{"start":{"line":94,"column":4},"end":{"line":99,"column":5}},"22":{"start":{"line":102,"column":2},"end":{"line":102,"column":39}}},"fnMap":{"0":{"name":"checkAfs","decl":{"start":{"line":13,"column":24},"end":{"line":13,"column":32}},"loc":{"start":{"line":13,"column":74},"end":{"line":103,"column":1}},"line":13}},"branchMap":{"0":{"loc":{"start":{"line":17,"column":2},"end":{"line":17,"column":27}},"type":"if","locations":[{"start":{"line":17,"column":2},"end":{"line":17,"column":27}},{"start":{},"end":{}}],"line":17},"1":{"loc":{"start":{"line":20,"column":26},"end":{"line":27,"column":15}},"type":"cond-expr","locations":[{"start":{"line":21,"column":6},"end":{"line":26,"column":35}},{"start":{"line":27,"column":6},"end":{"line":27,"column":15}}],"line":20},"2":{"loc":{"start":{"line":30,"column":32},"end":{"line":30,"column":74}},"type":"cond-expr","locations":[{"start":{"line":30,"column":67},"end":{"line":30,"column":69}},{"start":{"line":30,"column":72},"end":{"line":30,"column":74}}],"line":30},"3":{"loc":{"start":{"line":32,"column":33},"end":{"line":34,"column":15}},"type":"cond-expr","locations":[{"start":{"line":33,"column":6},"end":{"line":33,"column":48}},{"start":{"line":34,"column":6},"end":{"line":34,"column":15}}],"line":32},"4":{"loc":{"start":{"line":37,"column":2},"end":{"line":100,"column":3}},"type":"if","locations":[{"start":{"line":37,"column":2},"end":{"line":100,"column":3}},{"start":{"line":44,"column":9},"end":{"line":100,"column":3}}],"line":37},"5":{"loc":{"start":{"line":37,"column":6},"end":{"line":37,"column":38}},"type":"binary-expr","locations":[{"start":{"line":37,"column":6},"end":{"line":37,"column":20}},{"start":{"line":37,"column":24},"end":{"line":37,"column":38}}],"line":37},"6":{"loc":{"start":{"line":44,"column":9},"end":{"line":100,"column":3}},"type":"if","locations":[{"start":{"line":44,"column":9},"end":{"line":100,"column":3}},{"start":{"line":54,"column":9},"end":{"line":100,"column":3}}],"line":44},"7":{"loc":{"start":{"line":45,"column":4},"end":{"line":46,"column":56}},"type":"binary-expr","locations":[{"start":{"line":45,"column":4},"end":{"line":45,"column":23}},{"start":{"line":46,"column":4},"end":{"line":46,"column":56}}],"line":45},"8":{"loc":{"start":{"line":54,"column":9},"end":{"line":100,"column":3}},"type":"if","locations":[{"start":{"line":54,"column":9},"end":{"line":100,"column":3}},{"start":{"line":61,"column":9},"end":{"line":100,"column":3}}],"line":54},"9":{"loc":{"start":{"line":61,"column":9},"end":{"line":100,"column":3}},"type":"if","locations":[{"start":{"line":61,"column":9},"end":{"line":100,"column":3}},{"start":{"line":70,"column":9},"end":{"line":100,"column":3}}],"line":61},"10":{"loc":{"start":{"line":62,"column":4},"end":{"line":63,"column":55}},"type":"binary-expr","locations":[{"start":{"line":62,"column":4},"end":{"line":62,"column":19}},{"start":{"line":63,"column":4},"end":{"line":63,"column":55}}],"line":62},"11":{"loc":{"start":{"line":70,"column":9},"end":{"line":100,"column":3}},"type":"if","locations":[{"start":{"line":70,"column":9},"end":{"line":100,"column":3}},{"start":{"line":80,"column":9},"end":{"line":100,"column":3}}],"line":70},"12":{"loc":{"start":{"line":71,"column":4},"end":{"line":72,"column":54}},"type":"binary-expr","locations":[{"start":{"line":71,"column":4},"end":{"line":71,"column":26}},{"start":{"line":72,"column":4},"end":{"line":72,"column":54}}],"line":71},"13":{"loc":{"start":{"line":80,"column":9},"end":{"line":100,"column":3}},"type":"if","locations":[{"start":{"line":80,"column":9},"end":{"line":100,"column":3}},{"start":{"line":86,"column":9},"end":{"line":100,"column":3}}],"line":80},"14":{"loc":{"start":{"line":86,"column":9},"end":{"line":100,"column":3}},"type":"if","locations":[{"start":{"line":86,"column":9},"end":{"line":100,"column":3}},{"start":{"line":93,"column":9},"end":{"line":100,"column":3}}],"line":86},"15":{"loc":{"start":{"line":93,"column":9},"end":{"line":100,"column":3}},"type":"if","locations":[{"start":{"line":93,"column":9},"end":{"line":100,"column":3}},{"start":{},"end":{}}],"line":93}},"s":{"0":70,"1":70,"2":15,"3":55,"4":55,"5":55,"6":55,"7":32,"8":23,"9":10,"10":13,"11":4,"12":9,"13":5,"14":4,"15":1,"16":3,"17":2,"18":1,"19":1,"20":0,"21":0,"22":0},"f":{"0":70},"b":{"0":[15,55],"1":[45,10],"2":[30,25],"3":[46,9],"4":[32,23],"5":[55,51],"6":[10,13],"7":[23,19],"8":[4,9],"9":[5,4],"10":[9,8],"11":[1,3],"12":[4,1],"13":[2,1],"14":[1,0],"15":[0,0]},"_coverageSchema":"1a1c01bbd47fc00a2c39e90264f33305004495a9","hash":"2be44e7d9bbf679f21167b6d01a4faeca3413235"}
,"/home/runner/work/eligibility-estimator-client/eligibility-estimator-client/utils/api/checkAllowance.ts": {"path":"/home/runner/work/eligibility-estimator-client/eligibility-estimator-client/utils/api/checkAllowance.ts","statementMap":{"0":{"start":{"line":17,"column":28},"end":{"line":17,"column":78}},"1":{"start":{"line":19,"column":2},"end":{"line":19,"column":27}},"2":{"start":{"line":19,"column":14},"end":{"line":19,"column":27}},"3":{"start":{"line":22,"column":26},"end":{"line":29,"column":15}},"4":{"start":{"line":31,"column":4},"end":{"line":32,"column":57}},"5":{"start":{"line":35,"column":32},"end":{"line":35,"column":74}},"6":{"start":{"line":37,"column":33},"end":{"line":39,"column":15}},"7":{"start":{"line":42,"column":2},"end":{"line":107,"column":3}},"8":{"start":{"line":43,"column":4},"end":{"line":47,"column":5}},"9":{"start":{"line":48,"column":9},"end":{"line":107,"column":3}},"10":{"start":{"line":49,"column":4},"end":{"line":53,"column":5}},"11":{"start":{"line":54,"column":9},"end":{"line":107,"column":3}},"12":{"start":{"line":55,"column":4},"end":{"line":59,"column":5}},"13":{"start":{"line":60,"column":9},"end":{"line":107,"column":3}},"14":{"start":{"line":61,"column":4},"end":{"line":66,"column":5}},"15":{"start":{"line":67,"column":9},"end":{"line":107,"column":3}},"16":{"start":{"line":71,"column":4},"end":{"line":76,"column":5}},"17":{"start":{"line":77,"column":9},"end":{"line":107,"column":3}},"18":{"start":{"line":81,"column":4},"end":{"line":86,"column":5}},"19":{"start":{"line":87,"column":9},"end":{"line":107,"column":3}},"20":{"start":{"line":88,"column":4},"end":{"line":92,"column":5}},"21":{"start":{"line":93,"column":9},"end":{"line":107,"column":3}},"22":{"start":{"line":94,"column":4},"end":{"line":99,"column":5}},"23":{"start":{"line":100,"column":9},"end":{"line":107,"column":3}},"24":{"start":{"line":101,"column":4},"end":{"line":106,"column":5}},"25":{"start":{"line":109,"column":2},"end":{"line":109,"column":39}}},"fnMap":{"0":{"name":"checkAllowance","decl":{"start":{"line":13,"column":24},"end":{"line":13,"column":38}},"loc":{"start":{"line":15,"column":17},"end":{"line":110,"column":1}},"line":15}},"branchMap":{"0":{"loc":{"start":{"line":19,"column":2},"end":{"line":19,"column":27}},"type":"if","locations":[{"start":{"line":19,"column":2},"end":{"line":19,"column":27}},{"start":{},"end":{}}],"line":19},"1":{"loc":{"start":{"line":22,"column":26},"end":{"line":29,"column":15}},"type":"cond-expr","locations":[{"start":{"line":23,"column":6},"end":{"line":28,"column":35}},{"start":{"line":29,"column":6},"end":{"line":29,"column":15}}],"line":22},"2":{"loc":{"start":{"line":31,"column":4},"end":{"line":32,"column":57}},"type":"binary-expr","locations":[{"start":{"line":31,"column":4},"end":{"line":31,"column":55}},{"start":{"line":32,"column":4},"end":{"line":32,"column":57}}],"line":31},"3":{"loc":{"start":{"line":35,"column":32},"end":{"line":35,"column":74}},"type":"cond-expr","locations":[{"start":{"line":35,"column":67},"end":{"line":35,"column":69}},{"start":{"line":35,"column":72},"end":{"line":35,"column":74}}],"line":35},"4":{"loc":{"start":{"line":37,"column":33},"end":{"line":39,"column":15}},"type":"cond-expr","locations":[{"start":{"line":38,"column":6},"end":{"line":38,"column":48}},{"start":{"line":39,"column":6},"end":{"line":39,"column":15}}],"line":37},"5":{"loc":{"start":{"line":42,"column":2},"end":{"line":107,"column":3}},"type":"if","locations":[{"start":{"line":42,"column":2},"end":{"line":107,"column":3}},{"start":{"line":48,"column":9},"end":{"line":107,"column":3}}],"line":42},"6":{"loc":{"start":{"line":42,"column":6},"end":{"line":42,"column":38}},"type":"binary-expr","locations":[{"start":{"line":42,"column":6},"end":{"line":42,"column":20}},{"start":{"line":42,"column":24},"end":{"line":42,"column":38}}],"line":42},"7":{"loc":{"start":{"line":48,"column":9},"end":{"line":107,"column":3}},"type":"if","locations":[{"start":{"line":48,"column":9},"end":{"line":107,"column":3}},{"start":{"line":54,"column":9},"end":{"line":107,"column":3}}],"line":48},"8":{"loc":{"start":{"line":54,"column":9},"end":{"line":107,"column":3}},"type":"if","locations":[{"start":{"line":54,"column":9},"end":{"line":107,"column":3}},{"start":{"line":60,"column":9},"end":{"line":107,"column":3}}],"line":54},"9":{"loc":{"start":{"line":60,"column":9},"end":{"line":107,"column":3}},"type":"if","locations":[{"start":{"line":60,"column":9},"end":{"line":107,"column":3}},{"start":{"line":67,"column":9},"end":{"line":107,"column":3}}],"line":60},"10":{"loc":{"start":{"line":67,"column":9},"end":{"line":107,"column":3}},"type":"if","locations":[{"start":{"line":67,"column":9},"end":{"line":107,"column":3}},{"start":{"line":77,"column":9},"end":{"line":107,"column":3}}],"line":67},"11":{"loc":{"start":{"line":68,"column":4},"end":{"line":69,"column":55}},"type":"binary-expr","locations":[{"start":{"line":68,"column":4},"end":{"line":68,"column":19}},{"start":{"line":69,"column":4},"end":{"line":69,"column":55}}],"line":68},"12":{"loc":{"start":{"line":77,"column":9},"end":{"line":107,"column":3}},"type":"if","locations":[{"start":{"line":77,"column":9},"end":{"line":107,"column":3}},{"start":{"line":87,"column":9},"end":{"line":107,"column":3}}],"line":77},"13":{"loc":{"start":{"line":78,"column":4},"end":{"line":79,"column":54}},"type":"binary-expr","locations":[{"start":{"line":78,"column":4},"end":{"line":78,"column":26}},{"start":{"line":79,"column":4},"end":{"line":79,"column":54}}],"line":78},"14":{"loc":{"start":{"line":87,"column":9},"end":{"line":107,"column":3}},"type":"if","locations":[{"start":{"line":87,"column":9},"end":{"line":107,"column":3}},{"start":{"line":93,"column":9},"end":{"line":107,"column":3}}],"line":87},"15":{"loc":{"start":{"line":93,"column":9},"end":{"line":107,"column":3}},"type":"if","locations":[{"start":{"line":93,"column":9},"end":{"line":107,"column":3}},{"start":{"line":100,"column":9},"end":{"line":107,"column":3}}],"line":93},"16":{"loc":{"start":{"line":100,"column":9},"end":{"line":107,"column":3}},"type":"if","locations":[{"start":{"line":100,"column":9},"end":{"line":107,"column":3}},{"start":{},"end":{}}],"line":100}},"s":{"0":70,"1":70,"2":18,"3":52,"4":52,"5":52,"6":52,"7":52,"8":31,"9":21,"10":2,"11":19,"12":10,"13":9,"14":2,"15":7,"16":3,"17":4,"18":1,"19":3,"20":2,"21":1,"22":1,"23":0,"24":0,"25":0},"f":{"0":70},"b":{"0":[18,52],"1":[44,8],"2":[52,37],"3":[29,23],"4":[45,7],"5":[31,21],"6":[52,48],"7":[2,19],"8":[10,9],"9":[2,7],"10":[3,4],"11":[7,6],"12":[1,3],"13":[4,1],"14":[2,1],"15":[1,0],"16":[0,0]},"_coverageSchema":"1a1c01bbd47fc00a2c39e90264f33305004495a9","hash":"403fbf7c789c70f61adfef54e6ba3c36fd9a149f"}
,"/home/runner/work/eligibility-estimator-client/eligibility-estimator-client/utils/api/checkGis.ts": {"path":"/home/runner/work/eligibility-estimator-client/eligibility-estimator-client/utils/api/checkGis.ts","statementMap":{"0":{"start":{"line":16,"column":24},"end":{"line":16,"column":69}},"1":{"start":{"line":19,"column":28},"end":{"line":19,"column":79}},"2":{"start":{"line":21,"column":2},"end":{"line":21,"column":27}},"3":{"start":{"line":21,"column":14},"end":{"line":21,"column":27}},"4":{"start":{"line":25,"column":4},"end":{"line":26,"column":57}},"5":{"start":{"line":29,"column":2},"end":{"line":41,"column":3}},"6":{"start":{"line":30,"column":4},"end":{"line":34,"column":5}},"7":{"start":{"line":35,"column":9},"end":{"line":41,"column":3}},"8":{"start":{"line":36,"column":4},"end":{"line":40,"column":5}},"9":{"start":{"line":44,"column":18},"end":{"line":44,"column":20}},"10":{"start":{"line":45,"column":2},"end":{"line":53,"column":3}},"11":{"start":{"line":46,"column":4},"end":{"line":50,"column":5}},"12":{"start":{"line":47,"column":6},"end":{"line":47,"column":23}},"13":{"start":{"line":49,"column":6},"end":{"line":49,"column":23}},"14":{"start":{"line":52,"column":4},"end":{"line":52,"column":21}},"15":{"start":{"line":56,"column":2},"end":{"line":76,"column":3}},"16":{"start":{"line":57,"column":4},"end":{"line":69,"column":5}},"17":{"start":{"line":58,"column":6},"end":{"line":62,"column":7}},"18":{"start":{"line":64,"column":6},"end":{"line":68,"column":7}},"19":{"start":{"line":71,"column":4},"end":{"line":75,"column":5}}},"fnMap":{"0":{"name":"checkGis","decl":{"start":{"line":11,"column":24},"end":{"line":11,"column":32}},"loc":{"start":{"line":14,"column":17},"end":{"line":77,"column":1}},"line":14}},"branchMap":{"0":{"loc":{"start":{"line":21,"column":2},"end":{"line":21,"column":27}},"type":"if","locations":[{"start":{"line":21,"column":2},"end":{"line":21,"column":27}},{"start":{},"end":{}}],"line":21},"1":{"loc":{"start":{"line":25,"column":4},"end":{"line":26,"column":57}},"type":"binary-expr","locations":[{"start":{"line":25,"column":4},"end":{"line":25,"column":55}},{"start":{"line":26,"column":4},"end":{"line":26,"column":57}}],"line":25},"2":{"loc":{"start":{"line":29,"column":2},"end":{"line":41,"column":3}},"type":"if","locations":[{"start":{"line":29,"column":2},"end":{"line":41,"column":3}},{"start":{"line":35,"column":9},"end":{"line":41,"column":3}}],"line":29},"3":{"loc":{"start":{"line":35,"column":9},"end":{"line":41,"column":3}},"type":"if","locations":[{"start":{"line":35,"column":9},"end":{"line":41,"column":3}},{"start":{},"end":{}}],"line":35},"4":{"loc":{"start":{"line":45,"column":2},"end":{"line":53,"column":3}},"type":"if","locations":[{"start":{"line":45,"column":2},"end":{"line":53,"column":3}},{"start":{"line":51,"column":9},"end":{"line":53,"column":3}}],"line":45},"5":{"loc":{"start":{"line":46,"column":4},"end":{"line":50,"column":5}},"type":"if","locations":[{"start":{"line":46,"column":4},"end":{"line":50,"column":5}},{"start":{"line":48,"column":11},"end":{"line":50,"column":5}}],"line":46},"6":{"loc":{"start":{"line":56,"column":2},"end":{"line":76,"column":3}},"type":"if","locations":[{"start":{"line":56,"column":2},"end":{"line":76,"column":3}},{"start":{"line":70,"column":9},"end":{"line":76,"column":3}}],"line":56},"7":{"loc":{"start":{"line":57,"column":4},"end":{"line":69,"column":5}},"type":"if","locations":[{"start":{"line":57,"column":4},"end":{"line":69,"column":5}},{"start":{"line":63,"column":11},"end":{"line":69,"column":5}}],"line":57}},"s":{"0":71,"1":71,"2":70,"3":16,"4":54,"5":54,"6":23,"7":31,"8":14,"9":17,"10":17,"11":8,"12":6,"13":2,"14":9,"15":17,"16":13,"17":9,"18":4,"19":4},"f":{"0":71},"b":{"0":[16,54],"1":[54,39],"2":[23,31],"3":[14,17],"4":[8,9],"5":[6,2],"6":[13,4],"7":[9,4]},"_coverageSchema":"1a1c01bbd47fc00a2c39e90264f33305004495a9","hash":"ed3841e656c0d97ba9917f2e2aa68802b81a2316"}
,"/home/runner/work/eligibility-estimator-client/eligibility-estimator-client/utils/api/checkOas.ts": {"path":"/home/runner/work/eligibility-estimator-client/eligibility-estimator-client/utils/api/checkOas.ts","statementMap":{"0":{"start":{"line":14,"column":28},"end":{"line":14,"column":72}},"1":{"start":{"line":16,"column":2},"end":{"line":16,"column":27}},"2":{"start":{"line":16,"column":14},"end":{"line":16,"column":27}},"3":{"start":{"line":19,"column":26},"end":{"line":26,"column":15}},"4":{"start":{"line":28,"column":32},"end":{"line":28,"column":74}},"5":{"start":{"line":29,"column":33},"end":{"line":31,"column":15}},"6":{"start":{"line":34,"column":2},"end":{"line":87,"column":3}},"7":{"start":{"line":35,"column":4},"end":{"line":39,"column":5}},"8":{"start":{"line":40,"column":9},"end":{"line":87,"column":3}},"9":{"start":{"line":44,"column":4},"end":{"line":56,"column":5}},"10":{"start":{"line":45,"column":6},"end":{"line":49,"column":7}},"11":{"start":{"line":51,"column":6},"end":{"line":55,"column":7}},"12":{"start":{"line":57,"column":9},"end":{"line":87,"column":3}},"13":{"start":{"line":61,"column":4},"end":{"line":66,"column":5}},"14":{"start":{"line":67,"column":9},"end":{"line":87,"column":3}},"15":{"start":{"line":68,"column":4},"end":{"line":72,"column":5}},"16":{"start":{"line":73,"column":9},"end":{"line":87,"column":3}},"17":{"start":{"line":74,"column":4},"end":{"line":79,"column":5}},"18":{"start":{"line":80,"column":9},"end":{"line":87,"column":3}},"19":{"start":{"line":81,"column":4},"end":{"line":86,"column":5}},"20":{"start":{"line":89,"column":2},"end":{"line":89,"column":39}}},"fnMap":{"0":{"name":"checkOas","decl":{"start":{"line":12,"column":24},"end":{"line":12,"column":32}},"loc":{"start":{"line":12,"column":74},"end":{"line":90,"column":1}},"line":12}},"branchMap":{"0":{"loc":{"start":{"line":16,"column":2},"end":{"line":16,"column":27}},"type":"if","locations":[{"start":{"line":16,"column":2},"end":{"line":16,"column":27}},{"start":{},"end":{}}],"line":16},"1":{"loc":{"start":{"line":19,"column":26},"end":{"line":26,"column":15}},"type":"cond-expr","locations":[{"start":{"line":20,"column":6},"end":{"line":25,"column":35}},{"start":{"line":26,"column":6},"end":{"line":26,"column":15}}],"line":19},"2":{"loc":{"start":{"line":28,"column":32},"end":{"line":28,"column":74}},"type":"cond-expr","locations":[{"start":{"line":28,"column":67},"end":{"line":28,"column":69}},{"start":{"line":28,"column":72},"end":{"line":28,"column":74}}],"line":28},"3":{"loc":{"start":{"line":29,"column":33},"end":{"line":31,"column":15}},"type":"cond-expr","locations":[{"start":{"line":30,"column":6},"end":{"line":30,"column":48}},{"start":{"line":31,"column":6},"end":{"line":31,"column":15}}],"line":29},"4":{"loc":{"start":{"line":34,"column":2},"end":{"line":87,"column":3}},"type":"if","locations":[{"start":{"line":34,"column":2},"end":{"line":87,"column":3}},{"start":{"line":40,"column":9},"end":{"line":87,"column":3}}],"line":34},"5":{"loc":{"start":{"line":40,"column":9},"end":{"line":87,"column":3}},"type":"if","locations":[{"start":{"line":40,"column":9},"end":{"line":87,"column":3}},{"start":{"line":57,"column":9},"end":{"line":87,"column":3}}],"line":40},"6":{"loc":{"start":{"line":41,"column":4},"end":{"line":42,"column":55}},"type":"binary-expr","locations":[{"start":{"line":41,"column":4},"end":{"line":41,"column":19}},{"start":{"line":42,"column":4},"end":{"line":42,"column":55}}],"line":41},"7":{"loc":{"start":{"line":44,"column":4},"end":{"line":56,"column":5}},"type":"if","locations":[{"start":{"line":44,"column":4},"end":{"line":56,"column":5}},{"start":{"line":50,"column":11},"end":{"line":56,"column":5}}],"line":44},"8":{"loc":{"start":{"line":57,"column":9},"end":{"line":87,"column":3}},"type":"if","locations":[{"start":{"line":57,"column":9},"end":{"line":87,"column":3}},{"start":{"line":67,"column":9},"end":{"line":87,"column":3}}],"line":57},"9":{"loc":{"start":{"line":58,"column":4},"end":{"line":59,"column":54}},"type":"binary-expr","locations":[{"start":{"line":58,"column":4},"end":{"line":58,"column":26}},{"start":{"line":59,"column":4},"end":{"line":59,"column":54}}],"line":58},"10":{"loc":{"start":{"line":67,"column":9},"end":{"line":87,"column":3}},"type":"if","locations":[{"start":{"line":67,"column":9},"end":{"line":87,"column":3}},{"start":{"line":73,"column":9},"end":{"line":87,"column":3}}],"line":67},"11":{"loc":{"start":{"line":73,"column":9},"end":{"line":87,"column":3}},"type":"if","locations":[{"start":{"line":73,"column":9},"end":{"line":87,"column":3}},{"start":{"line":80,"column":9},"end":{"line":87,"column":3}}],"line":73},"12":{"loc":{"start":{"line":80,"column":9},"end":{"line":87,"column":3}},"type":"if","locations":[{"start":{"line":80,"column":9},"end":{"line":87,"column":3}},{"start":{},"end":{}}],"line":80}},"s":{"0":71,"1":71,"2":25,"3":46,"4":46,"5":46,"6":46,"7":1,"8":45,"9":25,"10":16,"11":9,"12":20,"13":7,"14":13,"15":10,"16":3,"17":3,"18":0,"19":0,"20":0},"f":{"0":71},"b":{"0":[25,46],"1":[45,1],"2":[29,17],"3":[45,1],"4":[1,45],"5":[25,20],"6":[45,42],"7":[16,9],"8":[7,13],"9":[20,7],"10":[10,3],"11":[3,0],"12":[0,0]},"_coverageSchema":"1a1c01bbd47fc00a2c39e90264f33305004495a9","hash":"4993ed2b45f7159a924ec190f59d227166aed88c"}
,"/home/runner/work/eligibility-estimator-client/eligibility-estimator-client/utils/api/socialAgreement.ts": {"path":"/home/runner/work/eligibility-estimator-client/eligibility-estimator-client/utils/api/socialAgreement.ts","statementMap":{"0":{"start":{"line":2,"column":2},"end":{"line":2,"column":44}},"1":{"start":{"line":2,"column":28},"end":{"line":2,"column":44}},"2":{"start":{"line":3,"column":2},"end":{"line":3,"column":46}},"3":{"start":{"line":6,"column":28},"end":{"line":66,"column":1}}},"fnMap":{"0":{"name":"getIsAgreementCountry","decl":{"start":{"line":1,"column":24},"end":{"line":1,"column":45}},"loc":{"start":{"line":1,"column":72},"end":{"line":4,"column":1}},"line":1}},"branchMap":{"0":{"loc":{"start":{"line":2,"column":2},"end":{"line":2,"column":44}},"type":"if","locations":[{"start":{"line":2,"column":2},"end":{"line":2,"column":44}},{"start":{},"end":{}}],"line":2}},"s":{"0":136,"1":88,"2":48,"3":1},"f":{"0":136},"b":{"0":[88,48]},"_coverageSchema":"1a1c01bbd47fc00a2c39e90264f33305004495a9","hash":"b45eecb281318e98c4dd7bfc9b524259d357038b"}
,"/home/runner/work/eligibility-estimator-client/eligibility-estimator-client/utils/api/types.ts": {"path":"/home/runner/work/eligibility-estimator-client/eligibility-estimator-client/utils/api/types.ts","statementMap":{"0":{"start":{"line":44,"column":29},"end":{"line":55,"column":2}},"1":{"start":{"line":51,"column":51},"end":{"line":51,"column":59}},"2":{"start":{"line":57,"column":25},"end":{"line":82,"column":1}},"3":{"start":{"line":84,"column":25},"end":{"line":108,"column":1}},"4":{"start":{"line":110,"column":31},"end":{"line":152,"column":1}},"5":{"start":{"line":154,"column":25},"end":{"line":189,"column":1}}},"fnMap":{"0":{"name":"(anonymous_0)","decl":{"start":{"line":51,"column":42},"end":{"line":51,"column":43}},"loc":{"start":{"line":51,"column":51},"end":{"line":51,"column":59}},"line":51}},"branchMap":{},"s":{"0":1,"1":241,"2":1,"3":1,"4":1,"5":1},"f":{"0":241},"b":{},"_coverageSchema":"1a1c01bbd47fc00a2c39e90264f33305004495a9","hash":"db18bed06ce53f586a6a08bcf534695fd7e0c730"}
,"/home/runner/work/eligibility-estimator-client/eligibility-estimator-client/utils/api/validator.ts": {"path":"/home/runner/work/eligibility-estimator-client/eligibility-estimator-client/utils/api/validator.ts","statementMap":{"0":{"start":{"line":9,"column":11},"end":{"line":9,"column":26}},"1":{"start":{"line":15,"column":27},"end":{"line":17,"column":4}},"2":{"start":{"line":18,"column":2},"end":{"line":43,"column":3}},"3":{"start":{"line":20,"column":4},"end":{"line":20,"column":57}},"4":{"start":{"line":23,"column":19},"end":{"line":23,"column":65}},"5":{"start":{"line":23,"column":56},"end":{"line":23,"column":62}},"6":{"start":{"line":24,"column":4},"end":{"line":24,"column":23}},"7":{"start":{"line":25,"column":4},"end":{"line":25,"column":69}},"8":{"start":{"line":25,"column":58},"end":{"line":25,"column":69}},"9":{"start":{"line":28,"column":26},"end":{"line":28,"column":80}},"10":{"start":{"line":28,"column":63},"end":{"line":28,"column":77}},"11":{"start":{"line":29,"column":4},"end":{"line":29,"column":30}},"12":{"start":{"line":32,"column":4},"end":{"line":42,"column":5}},"13":{"start":{"line":46,"column":2},"end":{"line":46,"column":39}}},"fnMap":{"0":{"name":"validateRequestForBenefit","decl":{"start":{"line":11,"column":16},"end":{"line":11,"column":41}},"loc":{"start":{"line":14,"column":54},"end":{"line":47,"column":1}},"line":14},"1":{"name":"(anonymous_1)","decl":{"start":{"line":23,"column":49},"end":{"line":23,"column":50}},"loc":{"start":{"line":23,"column":56},"end":{"line":23,"column":62}},"line":23},"2":{"name":"(anonymous_2)","decl":{"start":{"line":28,"column":56},"end":{"line":28,"column":57}},"loc":{"start":{"line":28,"column":63},"end":{"line":28,"column":77}},"line":28}},"branchMap":{"0":{"loc":{"start":{"line":18,"column":2},"end":{"line":43,"column":3}},"type":"if","locations":[{"start":{"line":18,"column":2},"end":{"line":43,"column":3}},{"start":{},"end":{}}],"line":18},"1":{"loc":{"start":{"line":25,"column":4},"end":{"line":25,"column":69}},"type":"if","locations":[{"start":{"line":25,"column":4},"end":{"line":25,"column":69}},{"start":{},"end":{}}],"line":25},"2":{"loc":{"start":{"line":25,"column":8},"end":{"line":25,"column":56}},"type":"binary-expr","locations":[{"start":{"line":25,"column":8},"end":{"line":25,"column":25}},{"start":{"line":25,"column":29},"end":{"line":25,"column":56}}],"line":25},"3":{"loc":{"start":{"line":37,"column":10},"end":{"line":37,"column":46}},"type":"cond-expr","locations":[{"start":{"line":37,"column":38},"end":{"line":37,"column":41}},{"start":{"line":37,"column":44},"end":{"line":37,"column":46}}],"line":37}},"s":{"0":1,"1":282,"2":282,"3":75,"4":75,"5":105,"6":75,"7":75,"8":1,"9":74,"10":103,"11":74,"12":74,"13":207},"f":{"0":282,"1":105,"2":103},"b":{"0":[75,207],"1":[1,74],"2":[75,74],"3":[20,54]},"_coverageSchema":"1a1c01bbd47fc00a2c39e90264f33305004495a9","hash":"6de4075b3f0f93828db8e48399865c4cfc9a020c"}
}
