TN:
SF:__tests__/pages/home.test.example.js
FN:8,(anonymous_0)
FN:9,(anonymous_1)
FNF:2
FNH:0
FNDA:0,(anonymous_0)
FNDA:0,(anonymous_1)
DA:8,0
DA:9,0
DA:10,0
DA:11,0
DA:12,0
LF:5
LH:0
BRF:0
BRH:0
end_of_record
TN:
SF:__tests__/pages/api/factory.ts
FN:14,mockGetRequestGeneric
FN:22,mockGetRequest
FN:28,mockGetRequestError
FNF:3
FNH:3
FNDA:73,mockGetRequestGeneric
FNDA:70,mockGetRequest
FNDA:3,mockGetRequestError
DA:17,73
DA:18,73
DA:19,73
DA:25,70
DA:31,3
LF:5
LH:5
BRF:0
BRH:0
end_of_record
TN:
SF:components/Alert/index.jsx
FN:3,(anonymous_0)
FNF:1
FNH:0
FNDA:0,(anonymous_0)
DA:3,0
DA:4,0
LF:2
LH:0
BRDA:6,0,0,0
BRDA:6,0,1,0
BRF:2
BRH:0
end_of_record
TN:
SF:pages/_app.tsx
FN:4,MyApp
FNF:1
FNH:0
FNDA:0,MyApp
DA:5,0
LF:1
LH:0
BRF:0
BRH:0
end_of_record
TN:
SF:pages/index.tsx
FN:6,(anonymous_0)
FNF:1
FNH:0
FNDA:0,(anonymous_0)
DA:6,0
DA:7,0
LF:2
LH:0
BRF:0
BRH:0
end_of_record
TN:
SF:pages/interact.tsx
FN:4,(anonymous_0)
FNF:1
FNH:0
FNDA:0,(anonymous_0)
DA:4,0
DA:5,0
LF:2
LH:0
BRF:0
BRH:0
end_of_record
TN:
SF:pages/api/calculateEligibility.ts
FN:13,handler
FNF:1
FNH:1
FNDA:73,handler
DA:17,73
DA:18,73
DA:21,73
DA:24,73
DA:25,2
DA:27,71
DA:30,71
DA:31,71
DA:33,71
DA:34,70
DA:36,70
DA:37,70
DA:39,70
DA:40,70
DA:42,70
DA:51,70
DA:54,70
DA:62,3
DA:66,3
DA:67,3
LF:20
LH:20
BRDA:24,0,0,2
BRDA:24,0,1,71
BRDA:45,1,0,24
BRDA:45,1,1,46
BRDA:46,2,0,16
BRDA:46,2,1,54
BRDA:47,3,0,18
BRDA:47,3,1,52
BRDA:48,4,0,15
BRDA:48,4,1,55
BRDA:64,5,0,3
BRDA:64,5,1,0
BRF:12
BRH:11
end_of_record
TN:
SF:pages/api/hello.ts
FN:8,handler
FNF:1
FNH:0
FNDA:0,handler
DA:12,0
LF:1
LH:0
BRF:0
BRH:0
end_of_record
TN:
SF:pages/api/metrics.ts
FN:6,handler
FNF:1
FNH:0
FNDA:0,handler
DA:4,0
DA:10,0
DA:11,0
LF:3
LH:0
BRF:0
BRH:0
end_of_record
TN:
SF:utils/api/checkAfs.ts
FN:13,checkAfs
FNF:1
FNH:1
FNDA:70,checkAfs
DA:15,70
DA:17,70
DA:20,55
DA:30,55
DA:32,55
DA:37,55
DA:38,32
DA:44,23
DA:48,10
DA:54,13
DA:55,4
DA:61,9
DA:65,5
DA:70,4
DA:74,1
DA:80,3
DA:81,2
DA:86,1
DA:87,1
DA:93,0
DA:94,0
DA:102,0
LF:22
LH:19
BRDA:17,0,0,15
BRDA:17,0,1,55
BRDA:20,1,0,45
BRDA:20,1,1,10
BRDA:30,2,0,30
BRDA:30,2,1,25
BRDA:32,3,0,46
BRDA:32,3,1,9
BRDA:37,4,0,32
BRDA:37,4,1,23
BRDA:37,5,0,55
BRDA:37,5,1,51
BRDA:44,6,0,10
BRDA:44,6,1,13
BRDA:45,7,0,23
BRDA:45,7,1,19
BRDA:54,8,0,4
BRDA:54,8,1,9
BRDA:61,9,0,5
BRDA:61,9,1,4
BRDA:62,10,0,9
BRDA:62,10,1,8
BRDA:70,11,0,1
BRDA:70,11,1,3
BRDA:71,12,0,4
BRDA:71,12,1,1
BRDA:80,13,0,2
BRDA:80,13,1,1
BRDA:86,14,0,1
BRDA:86,14,1,0
BRDA:93,15,0,0
BRDA:93,15,1,0
BRF:32
BRH:29
end_of_record
TN:
SF:utils/api/checkAllowance.ts
FN:13,checkAllowance
FNF:1
FNH:1
FNDA:70,checkAllowance
DA:17,70
DA:19,70
DA:22,52
DA:31,52
DA:35,52
DA:37,52
DA:42,52
DA:43,31
DA:48,21
DA:49,2
DA:54,19
DA:55,10
DA:60,9
DA:61,2
DA:67,7
DA:71,3
DA:77,4
DA:81,1
DA:87,3
DA:88,2
DA:93,1
DA:94,1
DA:100,0
DA:101,0
DA:109,0
LF:25
LH:22
BRDA:19,0,0,18
BRDA:19,0,1,52
BRDA:22,1,0,44
BRDA:22,1,1,8
BRDA:31,2,0,52
BRDA:31,2,1,37
BRDA:35,3,0,29
BRDA:35,3,1,23
BRDA:37,4,0,45
BRDA:37,4,1,7
BRDA:42,5,0,31
BRDA:42,5,1,21
BRDA:42,6,0,52
BRDA:42,6,1,48
BRDA:48,7,0,2
BRDA:48,7,1,19
BRDA:54,8,0,10
BRDA:54,8,1,9
BRDA:60,9,0,2
BRDA:60,9,1,7
BRDA:67,10,0,3
BRDA:67,10,1,4
BRDA:68,11,0,7
BRDA:68,11,1,6
BRDA:77,12,0,1
BRDA:77,12,1,3
BRDA:78,13,0,4
BRDA:78,13,1,1
BRDA:87,14,0,2
BRDA:87,14,1,1
BRDA:93,15,0,1
BRDA:93,15,1,0
BRDA:100,16,0,0
BRDA:100,16,1,0
BRF:34
BRH:31
end_of_record
TN:
SF:utils/api/checkGis.ts
FN:11,checkGis
FNF:1
FNH:1
FNDA:71,checkGis
DA:16,71
DA:19,71
DA:21,70
DA:25,54
DA:29,54
DA:30,23
DA:35,31
DA:36,14
DA:44,17
DA:45,17
DA:46,8
DA:47,6
DA:49,2
DA:52,9
DA:56,17
DA:57,13
DA:58,9
DA:64,4
DA:71,4
LF:19
LH:19
BRDA:21,0,0,16
BRDA:21,0,1,54
BRDA:25,1,0,54
BRDA:25,1,1,39
BRDA:29,2,0,23
BRDA:29,2,1,31
BRDA:35,3,0,14
BRDA:35,3,1,17
BRDA:45,4,0,8
BRDA:45,4,1,9
BRDA:46,5,0,6
BRDA:46,5,1,2
BRDA:56,6,0,13
BRDA:56,6,1,4
BRDA:57,7,0,9
BRDA:57,7,1,4
BRF:16
BRH:16
end_of_record
TN:
SF:utils/api/checkOas.ts
FN:12,checkOas
FNF:1
FNH:1
FNDA:71,checkOas
DA:14,71
DA:16,71
DA:19,46
DA:28,46
DA:29,46
DA:34,46
DA:35,1
DA:40,45
DA:44,25
DA:45,16
DA:51,9
DA:57,20
DA:61,7
DA:67,13
DA:68,10
DA:73,3
DA:74,3
DA:80,0
DA:81,0
DA:89,0
LF:20
LH:17
BRDA:16,0,0,25
BRDA:16,0,1,46
BRDA:19,1,0,45
BRDA:19,1,1,1
BRDA:28,2,0,29
BRDA:28,2,1,17
BRDA:29,3,0,45
BRDA:29,3,1,1
BRDA:34,4,0,1
BRDA:34,4,1,45
BRDA:40,5,0,25
BRDA:40,5,1,20
BRDA:41,6,0,45
BRDA:41,6,1,42
BRDA:44,7,0,16
BRDA:44,7,1,9
BRDA:57,8,0,7
BRDA:57,8,1,13
BRDA:58,9,0,20
BRDA:58,9,1,7
BRDA:67,10,0,10
BRDA:67,10,1,3
BRDA:73,11,0,3
BRDA:73,11,1,0
BRDA:80,12,0,0
BRDA:80,12,1,0
BRF:26
BRH:23
end_of_record
TN:
SF:utils/api/socialAgreement.ts
FN:1,getIsAgreementCountry
FNF:1
FNH:1
FNDA:136,getIsAgreementCountry
DA:2,136
DA:3,48
DA:6,1
LF:3
LH:3
BRDA:2,0,0,88
BRDA:2,0,1,48
BRF:2
BRH:2
end_of_record
TN:
SF:utils/api/types.ts
FN:51,(anonymous_0)
FNF:1
FNH:1
FNDA:241,(anonymous_0)
DA:44,1
DA:51,241
DA:57,1
DA:84,1
DA:110,1
DA:154,1
LF:6
LH:6
BRF:0
BRH:0
end_of_record
TN:
SF:utils/api/validator.ts
FN:11,validateRequestForBenefit
FN:23,(anonymous_1)
FN:28,(anonymous_2)
FNF:3
FNH:3
FNDA:282,validateRequestForBenefit
FNDA:105,(anonymous_1)
FNDA:103,(anonymous_2)
DA:9,1
DA:15,282
DA:18,282
DA:20,75
DA:23,105
DA:24,75
DA:25,75
DA:28,103
DA:29,74
DA:32,74
DA:46,207
LF:11
LH:11
BRDA:18,0,0,75
BRDA:18,0,1,207
BRDA:25,1,0,1
BRDA:25,1,1,74
BRDA:25,2,0,75
BRDA:25,2,1,74
BRDA:37,3,0,20
BRDA:37,3,1,54
BRF:8
BRH:8
end_of_record
